[2026-05-30T05:39:11.794Z] [ERROR] duplicate key value violates unique constraint "Order_code_key" error: duplicate key value violates unique constraint "Order_code_key"
    at C:\Users\KITTIPHAT NOIKATE\Documents\GitHub\Vanz\server\node_modules\pg\lib\client.js:646:17
    at process.processTicksAndRejections (node:internal/process/task_queues:105:5)
    at async exports.create (C:\Users\KITTIPHAT NOIKATE\Documents\GitHub\Vanz\server\src\models\orders.model.js:76:29)
    at async exports.create (C:\Users\KITTIPHAT NOIKATE\Documents\GitHub\Vanz\server\src\controllers\orders.controller.js:11:29)
[2026-05-30T05:39:12.883Z] [ERROR] duplicate key value violates unique constraint "Order_code_key" error: duplicate key value violates unique constraint "Order_code_key"
    at C:\Users\KITTIPHAT NOIKATE\Documents\GitHub\Vanz\server\node_modules\pg\lib\client.js:646:17
    at process.processTicksAndRejections (node:internal/process/task_queues:105:5)
    at async exports.create (C:\Users\KITTIPHAT NOIKATE\Documents\GitHub\Vanz\server\src\models\orders.model.js:76:29)
    at async exports.create (C:\Users\KITTIPHAT NOIKATE\Documents\GitHub\Vanz\server\src\controllers\orders.controller.js:11:29)
[2026-05-30T05:39:14.472Z] [ERROR] duplicate key value violates unique constraint "Order_code_key" error: duplicate key value violates unique constraint "Order_code_key"
    at C:\Users\KITTIPHAT NOIKATE\Documents\GitHub\Vanz\server\node_modules\pg\lib\client.js:646:17
    at process.processTicksAndRejections (node:internal/process/task_queues:105:5)
    at async exports.create (C:\Users\KITTIPHAT NOIKATE\Documents\GitHub\Vanz\server\src\models\orders.model.js:76:29)
    at async exports.create (C:\Users\KITTIPHAT NOIKATE\Documents\GitHub\Vanz\server\src\controllers\orders.controller.js:11:29)
[2026-05-30T05:39:14.655Z] [ERROR] duplicate key value violates unique constraint "Order_code_key" error: duplicate key value violates unique constraint "Order_code_key"
    at C:\Users\KITTIPHAT NOIKATE\Documents\GitHub\Vanz\server\node_modules\pg\lib\client.js:646:17
    at process.processTicksAndRejections (node:internal/process/task_queues:105:5)
    at async exports.create (C:\Users\KITTIPHAT NOIKATE\Documents\GitHub\Vanz\server\src\models\orders.model.js:76:29)
    at async exports.create (C:\Users\KITTIPHAT NOIKATE\Documents\GitHub\Vanz\server\src\controllers\orders.controller.js:11:29)
[2026-05-30T05:39:14.886Z] [ERROR] duplicate key value violates unique constraint "Order_code_key" error: duplicate key value violates unique constraint "Order_code_key"
    at C:\Users\KITTIPHAT NOIKATE\Documents\GitHub\Vanz\server\node_modules\pg\lib\client.js:646:17
    at process.processTicksAndRejections (node:internal/process/task_queues:105:5)
    at async exports.create (C:\Users\KITTIPHAT NOIKATE\Documents\GitHub\Vanz\server\src\models\orders.model.js:76:29)
    at async exports.create (C:\Users\KITTIPHAT NOIKATE\Documents\GitHub\Vanz\server\src\controllers\orders.controller.js:11:29)
[2026-05-30T05:39:15.139Z] [ERROR] duplicate key value violates unique constraint "Order_code_key" error: duplicate key value violates unique constraint "Order_code_key"
    at C:\Users\KITTIPHAT NOIKATE\Documents\GitHub\Vanz\server\node_modules\pg\lib\client.js:646:17
    at process.processTicksAndRejections (node:internal/process/task_queues:105:5)
    at async exports.create (C:\Users\KITTIPHAT NOIKATE\Documents\GitHub\Vanz\server\src\models\orders.model.js:76:29)
    at async exports.create (C:\Users\KITTIPHAT NOIKATE\Documents\GitHub\Vanz\server\src\controllers\orders.controller.js:11:29)
[2026-05-30T05:39:15.312Z] [ERROR] duplicate key value violates unique constraint "Order_code_key" error: duplicate key value violates unique constraint "Order_code_key"
    at C:\Users\KITTIPHAT NOIKATE\Documents\GitHub\Vanz\server\node_modules\pg\lib\client.js:646:17
    at process.processTicksAndRejections (node:internal/process/task_queues:105:5)
    at async exports.create (C:\Users\KITTIPHAT NOIKATE\Documents\GitHub\Vanz\server\src\models\orders.model.js:76:29)
    at async exports.create (C:\Users\KITTIPHAT NOIKATE\Documents\GitHub\Vanz\server\src\controllers\orders.controller.js:11:29)
[2026-05-30T05:39:15.537Z] [ERROR] duplicate key value violates unique constraint "Order_code_key" error: duplicate key value violates unique constraint "Order_code_key"
    at C:\Users\KITTIPHAT NOIKATE\Documents\GitHub\Vanz\server\node_modules\pg\lib\client.js:646:17
    at process.processTicksAndRejections (node:internal/process/task_queues:105:5)
    at async exports.create (C:\Users\KITTIPHAT NOIKATE\Documents\GitHub\Vanz\server\src\models\orders.model.js:76:29)
    at async exports.create (C:\Users\KITTIPHAT NOIKATE\Documents\GitHub\Vanz\server\src\controllers\orders.controller.js:11:29)
[2026-05-30T05:39:15.782Z] [ERROR] duplicate key value violates unique constraint "Order_code_key" error: duplicate key value violates unique constraint "Order_code_key"
    at C:\Users\KITTIPHAT NOIKATE\Documents\GitHub\Vanz\server\node_modules\pg\lib\client.js:646:17
    at process.processTicksAndRejections (node:internal/process/task_queues:105:5)
    at async exports.create (C:\Users\KITTIPHAT NOIKATE\Documents\GitHub\Vanz\server\src\models\orders.model.js:76:29)
    at async exports.create (C:\Users\KITTIPHAT NOIKATE\Documents\GitHub\Vanz\server\src\controllers\orders.controller.js:11:29)
[2026-05-30T05:39:15.918Z] [ERROR] duplicate key value violates unique constraint "Order_code_key" error: duplicate key value violates unique constraint "Order_code_key"
    at C:\Users\KITTIPHAT NOIKATE\Documents\GitHub\Vanz\server\node_modules\pg\lib\client.js:646:17
    at process.processTicksAndRejections (node:internal/process/task_queues:105:5)
    at async exports.create (C:\Users\KITTIPHAT NOIKATE\Documents\GitHub\Vanz\server\src\models\orders.model.js:76:29)
    at async exports.create (C:\Users\KITTIPHAT NOIKATE\Documents\GitHub\Vanz\server\src\controllers\orders.controller.js:11:29)
[2026-05-30T05:39:16.121Z] [ERROR] duplicate key value violates unique constraint "Order_code_key" error: duplicate key value violates unique constraint "Order_code_key"
    at C:\Users\KITTIPHAT NOIKATE\Documents\GitHub\Vanz\server\node_modules\pg\lib\client.js:646:17
    at process.processTicksAndRejections (node:internal/process/task_queues:105:5)
    at async exports.create (C:\Users\KITTIPHAT NOIKATE\Documents\GitHub\Vanz\server\src\models\orders.model.js:76:29)
    at async exports.create (C:\Users\KITTIPHAT NOIKATE\Documents\GitHub\Vanz\server\src\controllers\orders.controller.js:11:29)
[2026-05-30T05:39:16.511Z] [ERROR] duplicate key value violates unique constraint "Order_code_key" error: duplicate key value violates unique constraint "Order_code_key"
    at C:\Users\KITTIPHAT NOIKATE\Documents\GitHub\Vanz\server\node_modules\pg\lib\client.js:646:17
    at process.processTicksAndRejections (node:internal/process/task_queues:105:5)
    at async exports.create (C:\Users\KITTIPHAT NOIKATE\Documents\GitHub\Vanz\server\src\models\orders.model.js:76:29)
    at async exports.create (C:\Users\KITTIPHAT NOIKATE\Documents\GitHub\Vanz\server\src\controllers\orders.controller.js:11:29)
[2026-05-30T05:39:16.550Z] [ERROR] duplicate key value violates unique constraint "Order_code_key" error: duplicate key value violates unique constraint "Order_code_key"
    at C:\Users\KITTIPHAT NOIKATE\Documents\GitHub\Vanz\server\node_modules\pg\lib\client.js:646:17
    at process.processTicksAndRejections (node:internal/process/task_queues:105:5)
    at async exports.create (C:\Users\KITTIPHAT NOIKATE\Documents\GitHub\Vanz\server\src\models\orders.model.js:76:29)
    at async exports.create (C:\Users\KITTIPHAT NOIKATE\Documents\GitHub\Vanz\server\src\controllers\orders.controller.js:11:29)
[2026-05-30T05:39:16.743Z] [ERROR] duplicate key value violates unique constraint "Order_code_key" error: duplicate key value violates unique constraint "Order_code_key"
    at C:\Users\KITTIPHAT NOIKATE\Documents\GitHub\Vanz\server\node_modules\pg\lib\client.js:646:17
    at process.processTicksAndRejections (node:internal/process/task_queues:105:5)
    at async exports.create (C:\Users\KITTIPHAT NOIKATE\Documents\GitHub\Vanz\server\src\models\orders.model.js:76:29)
    at async exports.create (C:\Users\KITTIPHAT NOIKATE\Documents\GitHub\Vanz\server\src\controllers\orders.controller.js:11:29)
[2026-05-30T05:39:16.953Z] [ERROR] duplicate key value violates unique constraint "Order_code_key" error: duplicate key value violates unique constraint "Order_code_key"
    at C:\Users\KITTIPHAT NOIKATE\Documents\GitHub\Vanz\server\node_modules\pg\lib\client.js:646:17
    at process.processTicksAndRejections (node:internal/process/task_queues:105:5)
    at async exports.create (C:\Users\KITTIPHAT NOIKATE\Documents\GitHub\Vanz\server\src\models\orders.model.js:76:29)
    at async exports.create (C:\Users\KITTIPHAT NOIKATE\Documents\GitHub\Vanz\server\src\controllers\orders.controller.js:11:29)
[2026-05-30T05:39:17.429Z] [ERROR] duplicate key value violates unique constraint "Order_code_key" error: duplicate key value violates unique constraint "Order_code_key"
    at C:\Users\KITTIPHAT NOIKATE\Documents\GitHub\Vanz\server\node_modules\pg\lib\client.js:646:17
    at process.processTicksAndRejections (node:internal/process/task_queues:105:5)
    at async exports.create (C:\Users\KITTIPHAT NOIKATE\Documents\GitHub\Vanz\server\src\models\orders.model.js:76:29)
    at async exports.create (C:\Users\KITTIPHAT NOIKATE\Documents\GitHub\Vanz\server\src\controllers\orders.controller.js:11:29)
[2026-05-30T05:39:17.647Z] [ERROR] duplicate key value violates unique constraint "Order_code_key" error: duplicate key value violates unique constraint "Order_code_key"
    at C:\Users\KITTIPHAT NOIKATE\Documents\GitHub\Vanz\server\node_modules\pg\lib\client.js:646:17
    at process.processTicksAndRejections (node:internal/process/task_queues:105:5)
    at async exports.create (C:\Users\KITTIPHAT NOIKATE\Documents\GitHub\Vanz\server\src\models\orders.model.js:76:29)
    at async exports.create (C:\Users\KITTIPHAT NOIKATE\Documents\GitHub\Vanz\server\src\controllers\orders.controller.js:11:29)
[2026-05-30T05:39:17.797Z] [ERROR] duplicate key value violates unique constraint "Order_code_key" error: duplicate key value violates unique constraint "Order_code_key"
    at C:\Users\KITTIPHAT NOIKATE\Documents\GitHub\Vanz\server\node_modules\pg\lib\client.js:646:17
    at process.processTicksAndRejections (node:internal/process/task_queues:105:5)
    at async exports.create (C:\Users\KITTIPHAT NOIKATE\Documents\GitHub\Vanz\server\src\models\orders.model.js:76:29)
    at async exports.create (C:\Users\KITTIPHAT NOIKATE\Documents\GitHub\Vanz\server\src\controllers\orders.controller.js:11:29)
[2026-05-30T05:39:18.092Z] [ERROR] duplicate key value violates unique constraint "Order_code_key" error: duplicate key value violates unique constraint "Order_code_key"
    at C:\Users\KITTIPHAT NOIKATE\Documents\GitHub\Vanz\server\node_modules\pg\lib\client.js:646:17
    at process.processTicksAndRejections (node:internal/process/task_queues:105:5)
    at async exports.create (C:\Users\KITTIPHAT NOIKATE\Documents\GitHub\Vanz\server\src\models\orders.model.js:76:29)
    at async exports.create (C:\Users\KITTIPHAT NOIKATE\Documents\GitHub\Vanz\server\src\controllers\orders.controller.js:11:29)
[2026-05-30T05:39:18.188Z] [ERROR] duplicate key value violates unique constraint "Order_code_key" error: duplicate key value violates unique constraint "Order_code_key"
    at C:\Users\KITTIPHAT NOIKATE\Documents\GitHub\Vanz\server\node_modules\pg\lib\client.js:646:17
    at process.processTicksAndRejections (node:internal/process/task_queues:105:5)
    at async exports.create (C:\Users\KITTIPHAT NOIKATE\Documents\GitHub\Vanz\server\src\models\orders.model.js:76:29)
    at async exports.create (C:\Users\KITTIPHAT NOIKATE\Documents\GitHub\Vanz\server\src\controllers\orders.controller.js:11:29)
[2026-05-30T05:39:18.395Z] [ERROR] duplicate key value violates unique constraint "Order_code_key" error: duplicate key value violates unique constraint "Order_code_key"
    at C:\Users\KITTIPHAT NOIKATE\Documents\GitHub\Vanz\server\node_modules\pg\lib\client.js:646:17
    at process.processTicksAndRejections (node:internal/process/task_queues:105:5)
    at async exports.create (C:\Users\KITTIPHAT NOIKATE\Documents\GitHub\Vanz\server\src\models\orders.model.js:76:29)
    at async exports.create (C:\Users\KITTIPHAT NOIKATE\Documents\GitHub\Vanz\server\src\controllers\orders.controller.js:11:29)
[2026-05-30T05:39:18.639Z] [ERROR] duplicate key value violates unique constraint "Order_code_key" error: duplicate key value violates unique constraint "Order_code_key"
    at C:\Users\KITTIPHAT NOIKATE\Documents\GitHub\Vanz\server\node_modules\pg\lib\client.js:646:17
    at process.processTicksAndRejections (node:internal/process/task_queues:105:5)
    at async exports.create (C:\Users\KITTIPHAT NOIKATE\Documents\GitHub\Vanz\server\src\models\orders.model.js:76:29)
    at async exports.create (C:\Users\KITTIPHAT NOIKATE\Documents\GitHub\Vanz\server\src\controllers\orders.controller.js:11:29)
[2026-05-30T05:39:18.698Z] [ERROR] duplicate key value violates unique constraint "Order_code_key" error: duplicate key value violates unique constraint "Order_code_key"
    at C:\Users\KITTIPHAT NOIKATE\Documents\GitHub\Vanz\server\node_modules\pg\lib\client.js:646:17
    at process.processTicksAndRejections (node:internal/process/task_queues:105:5)
    at async exports.create (C:\Users\KITTIPHAT NOIKATE\Documents\GitHub\Vanz\server\src\models\orders.model.js:76:29)
    at async exports.create (C:\Users\KITTIPHAT NOIKATE\Documents\GitHub\Vanz\server\src\controllers\orders.controller.js:11:29)
[2026-05-30T05:39:18.903Z] [ERROR] duplicate key value violates unique constraint "Order_code_key" error: duplicate key value violates unique constraint "Order_code_key"
    at C:\Users\KITTIPHAT NOIKATE\Documents\GitHub\Vanz\server\node_modules\pg\lib\client.js:646:17
    at process.processTicksAndRejections (node:internal/process/task_queues:105:5)
    at async exports.create (C:\Users\KITTIPHAT NOIKATE\Documents\GitHub\Vanz\server\src\models\orders.model.js:76:29)
    at async exports.create (C:\Users\KITTIPHAT NOIKATE\Documents\GitHub\Vanz\server\src\controllers\orders.controller.js:11:29)
[2026-05-30T05:39:18.959Z] [ERROR] duplicate key value violates unique constraint "Order_code_key" error: duplicate key value violates unique constraint "Order_code_key"
    at C:\Users\KITTIPHAT NOIKATE\Documents\GitHub\Vanz\server\node_modules\pg\lib\client.js:646:17
    at process.processTicksAndRejections (node:internal/process/task_queues:105:5)
    at async exports.create (C:\Users\KITTIPHAT NOIKATE\Documents\GitHub\Vanz\server\src\models\orders.model.js:76:29)
    at async exports.create (C:\Users\KITTIPHAT NOIKATE\Documents\GitHub\Vanz\server\src\controllers\orders.controller.js:11:29)
[2026-05-30T05:39:19.152Z] [ERROR] duplicate key value violates unique constraint "Order_code_key" error: duplicate key value violates unique constraint "Order_code_key"
    at C:\Users\KITTIPHAT NOIKATE\Documents\GitHub\Vanz\server\node_modules\pg\lib\client.js:646:17
    at process.processTicksAndRejections (node:internal/process/task_queues:105:5)
    at async exports.create (C:\Users\KITTIPHAT NOIKATE\Documents\GitHub\Vanz\server\src\models\orders.model.js:76:29)
    at async exports.create (C:\Users\KITTIPHAT NOIKATE\Documents\GitHub\Vanz\server\src\controllers\orders.controller.js:11:29)
[2026-05-30T05:39:19.303Z] [ERROR] duplicate key value violates unique constraint "Order_code_key" error: duplicate key value violates unique constraint "Order_code_key"
    at C:\Users\KITTIPHAT NOIKATE\Documents\GitHub\Vanz\server\node_modules\pg\lib\client.js:646:17
    at process.processTicksAndRejections (node:internal/process/task_queues:105:5)
    at async exports.create (C:\Users\KITTIPHAT NOIKATE\Documents\GitHub\Vanz\server\src\models\orders.model.js:76:29)
    at async exports.create (C:\Users\KITTIPHAT NOIKATE\Documents\GitHub\Vanz\server\src\controllers\orders.controller.js:11:29)
[2026-05-30T05:39:19.412Z] [ERROR] duplicate key value violates unique constraint "Order_code_key" error: duplicate key value violates unique constraint "Order_code_key"
    at C:\Users\KITTIPHAT NOIKATE\Documents\GitHub\Vanz\server\node_modules\pg\lib\client.js:646:17
    at process.processTicksAndRejections (node:internal/process/task_queues:105:5)
    at async exports.create (C:\Users\KITTIPHAT NOIKATE\Documents\GitHub\Vanz\server\src\models\orders.model.js:76:29)
    at async exports.create (C:\Users\KITTIPHAT NOIKATE\Documents\GitHub\Vanz\server\src\controllers\orders.controller.js:11:29)
[2026-05-30T05:39:19.592Z] [ERROR] duplicate key value violates unique constraint "Order_code_key" error: duplicate key value violates unique constraint "Order_code_key"
    at C:\Users\KITTIPHAT NOIKATE\Documents\GitHub\Vanz\server\node_modules\pg\lib\client.js:646:17
    at process.processTicksAndRejections (node:internal/process/task_queues:105:5)
    at async exports.create (C:\Users\KITTIPHAT NOIKATE\Documents\GitHub\Vanz\server\src\models\orders.model.js:76:29)
    at async exports.create (C:\Users\KITTIPHAT NOIKATE\Documents\GitHub\Vanz\server\src\controllers\orders.controller.js:11:29)
[2026-05-30T05:39:19.659Z] [ERROR] duplicate key value violates unique constraint "Order_code_key" error: duplicate key value violates unique constraint "Order_code_key"
    at C:\Users\KITTIPHAT NOIKATE\Documents\GitHub\Vanz\server\node_modules\pg\lib\client.js:646:17
    at process.processTicksAndRejections (node:internal/process/task_queues:105:5)
    at async exports.create (C:\Users\KITTIPHAT NOIKATE\Documents\GitHub\Vanz\server\src\models\orders.model.js:76:29)
    at async exports.create (C:\Users\KITTIPHAT NOIKATE\Documents\GitHub\Vanz\server\src\controllers\orders.controller.js:11:29)
[2026-05-30T05:39:19.922Z] [ERROR] duplicate key value violates unique constraint "Order_code_key" error: duplicate key value violates unique constraint "Order_code_key"
    at C:\Users\KITTIPHAT NOIKATE\Documents\GitHub\Vanz\server\node_modules\pg\lib\client.js:646:17
    at process.processTicksAndRejections (node:internal/process/task_queues:105:5)
    at async exports.create (C:\Users\KITTIPHAT NOIKATE\Documents\GitHub\Vanz\server\src\models\orders.model.js:76:29)
    at async exports.create (C:\Users\KITTIPHAT NOIKATE\Documents\GitHub\Vanz\server\src\controllers\orders.controller.js:11:29)
[2026-05-30T05:39:20.012Z] [ERROR] duplicate key value violates unique constraint "Order_code_key" error: duplicate key value violates unique constraint "Order_code_key"
    at C:\Users\KITTIPHAT NOIKATE\Documents\GitHub\Vanz\server\node_modules\pg\lib\client.js:646:17
    at process.processTicksAndRejections (node:internal/process/task_queues:105:5)
    at async exports.create (C:\Users\KITTIPHAT NOIKATE\Documents\GitHub\Vanz\server\src\models\orders.model.js:76:29)
    at async exports.create (C:\Users\KITTIPHAT NOIKATE\Documents\GitHub\Vanz\server\src\controllers\orders.controller.js:11:29)
[2026-05-30T05:39:20.169Z] [ERROR] duplicate key value violates unique constraint "Order_code_key" error: duplicate key value violates unique constraint "Order_code_key"
    at C:\Users\KITTIPHAT NOIKATE\Documents\GitHub\Vanz\server\node_modules\pg\lib\client.js:646:17
    at process.processTicksAndRejections (node:internal/process/task_queues:105:5)
    at async exports.create (C:\Users\KITTIPHAT NOIKATE\Documents\GitHub\Vanz\server\src\models\orders.model.js:76:29)
    at async exports.create (C:\Users\KITTIPHAT NOIKATE\Documents\GitHub\Vanz\server\src\controllers\orders.controller.js:11:29)
[2026-05-30T05:39:20.436Z] [ERROR] duplicate key value violates unique constraint "Order_code_key" error: duplicate key value violates unique constraint "Order_code_key"
    at C:\Users\KITTIPHAT NOIKATE\Documents\GitHub\Vanz\server\node_modules\pg\lib\client.js:646:17
    at process.processTicksAndRejections (node:internal/process/task_queues:105:5)
    at async exports.create (C:\Users\KITTIPHAT NOIKATE\Documents\GitHub\Vanz\server\src\models\orders.model.js:76:29)
    at async exports.create (C:\Users\KITTIPHAT NOIKATE\Documents\GitHub\Vanz\server\src\controllers\orders.controller.js:11:29)
[2026-05-30T05:39:20.550Z] [ERROR] duplicate key value violates unique constraint "Order_code_key" error: duplicate key value violates unique constraint "Order_code_key"
    at C:\Users\KITTIPHAT NOIKATE\Documents\GitHub\Vanz\server\node_modules\pg\lib\client.js:646:17
    at process.processTicksAndRejections (node:internal/process/task_queues:105:5)
    at async exports.create (C:\Users\KITTIPHAT NOIKATE\Documents\GitHub\Vanz\server\src\models\orders.model.js:76:29)
    at async exports.create (C:\Users\KITTIPHAT NOIKATE\Documents\GitHub\Vanz\server\src\controllers\orders.controller.js:11:29)
[2026-05-30T05:39:21.920Z] [ERROR] duplicate key value violates unique constraint "Order_code_key" error: duplicate key value violates unique constraint "Order_code_key"
    at C:\Users\KITTIPHAT NOIKATE\Documents\GitHub\Vanz\server\node_modules\pg\lib\client.js:646:17
    at process.processTicksAndRejections (node:internal/process/task_queues:105:5)
    at async exports.create (C:\Users\KITTIPHAT NOIKATE\Documents\GitHub\Vanz\server\src\models\orders.model.js:76:29)
    at async exports.create (C:\Users\KITTIPHAT NOIKATE\Documents\GitHub\Vanz\server\src\controllers\orders.controller.js:11:29)
[2026-05-30T05:39:22.694Z] [ERROR] duplicate key value violates unique constraint "Order_code_key" error: duplicate key value violates unique constraint "Order_code_key"
    at C:\Users\KITTIPHAT NOIKATE\Documents\GitHub\Vanz\server\node_modules\pg\lib\client.js:646:17
    at process.processTicksAndRejections (node:internal/process/task_queues:105:5)
    at async exports.create (C:\Users\KITTIPHAT NOIKATE\Documents\GitHub\Vanz\server\src\models\orders.model.js:76:29)
    at async exports.create (C:\Users\KITTIPHAT NOIKATE\Documents\GitHub\Vanz\server\src\controllers\orders.controller.js:11:29)
[2026-05-30T05:39:24.166Z] [ERROR] duplicate key value violates unique constraint "Order_code_key" error: duplicate key value violates unique constraint "Order_code_key"
    at C:\Users\KITTIPHAT NOIKATE\Documents\GitHub\Vanz\server\node_modules\pg\lib\client.js:646:17
    at process.processTicksAndRejections (node:internal/process/task_queues:105:5)
    at async exports.create (C:\Users\KITTIPHAT NOIKATE\Documents\GitHub\Vanz\server\src\models\orders.model.js:76:29)
    at async exports.create (C:\Users\KITTIPHAT NOIKATE\Documents\GitHub\Vanz\server\src\controllers\orders.controller.js:11:29)
[2026-05-30T05:39:28.800Z] [ERROR] duplicate key value violates unique constraint "Order_code_key" error: duplicate key value violates unique constraint "Order_code_key"
    at C:\Users\KITTIPHAT NOIKATE\Documents\GitHub\Vanz\server\node_modules\pg\lib\client.js:646:17
    at process.processTicksAndRejections (node:internal/process/task_queues:105:5)
    at async exports.create (C:\Users\KITTIPHAT NOIKATE\Documents\GitHub\Vanz\server\src\models\orders.model.js:76:29)
    at async exports.create (C:\Users\KITTIPHAT NOIKATE\Documents\GitHub\Vanz\server\src\controllers\orders.controller.js:11:29)
[2026-05-30T09:43:38.447Z] [ERROR] update or delete on table "order" violates foreign key constraint "Dispatch_Assignment_order_id_fkey" on table "dispatch_assignment" error: update or delete on table "order" violates foreign key constraint "Dispatch_Assignment_order_id_fkey" on table "dispatch_assignment"
    at C:\Users\KITTIPHAT NOIKATE\Documents\GitHub\Vanz\server\node_modules\pg\lib\client.js:646:17
    at process.processTicksAndRejections (node:internal/process/task_queues:105:5)
    at async exports.deleteById (C:\Users\KITTIPHAT NOIKATE\Documents\GitHub\Vanz\server\src\models\orders.model.js:146:5)
    at async exports.remove (C:\Users\KITTIPHAT NOIKATE\Documents\GitHub\Vanz\server\src\services\orders.service.js:36:3)
    at async exports.remove (C:\Users\KITTIPHAT NOIKATE\Documents\GitHub\Vanz\server\src\controllers\orders.controller.js:25:25)
[2026-05-30T09:43:42.601Z] [ERROR] update or delete on table "order" violates foreign key constraint "Dispatch_Assignment_order_id_fkey" on table "dispatch_assignment" error: update or delete on table "order" violates foreign key constraint "Dispatch_Assignment_order_id_fkey" on table "dispatch_assignment"
    at C:\Users\KITTIPHAT NOIKATE\Documents\GitHub\Vanz\server\node_modules\pg\lib\client.js:646:17
    at process.processTicksAndRejections (node:internal/process/task_queues:105:5)
    at async exports.deleteById (C:\Users\KITTIPHAT NOIKATE\Documents\GitHub\Vanz\server\src\models\orders.model.js:146:5)
    at async exports.remove (C:\Users\KITTIPHAT NOIKATE\Documents\GitHub\Vanz\server\src\services\orders.service.js:36:3)
    at async exports.remove (C:\Users\KITTIPHAT NOIKATE\Documents\GitHub\Vanz\server\src\controllers\orders.controller.js:25:25)
[2026-05-30T09:43:55.462Z] [ERROR] update or delete on table "order" violates foreign key constraint "Dispatch_Assignment_order_id_fkey" on table "dispatch_assignment" error: update or delete on table "order" violates foreign key constraint "Dispatch_Assignment_order_id_fkey" on table "dispatch_assignment"
    at C:\Users\KITTIPHAT NOIKATE\Documents\GitHub\Vanz\server\node_modules\pg\lib\client.js:646:17
    at process.processTicksAndRejections (node:internal/process/task_queues:105:5)
    at async exports.deleteById (C:\Users\KITTIPHAT NOIKATE\Documents\GitHub\Vanz\server\src\models\orders.model.js:146:5)
    at async exports.remove (C:\Users\KITTIPHAT NOIKATE\Documents\GitHub\Vanz\server\src\services\orders.service.js:36:3)
    at async exports.remove (C:\Users\KITTIPHAT NOIKATE\Documents\GitHub\Vanz\server\src\controllers\orders.controller.js:25:25)
[2026-05-30T09:52:10.230Z] [ERROR] update or delete on table "delivery" violates foreign key constraint "Expense_Voucher_delivery_id_fkey" on table "expense_voucher" error: update or delete on table "delivery" violates foreign key constraint "Expense_Voucher_delivery_id_fkey" on table "expense_voucher"
    at C:\Users\KITTIPHAT NOIKATE\Documents\GitHub\Vanz\server\node_modules\pg\lib\client.js:646:17
    at process.processTicksAndRejections (node:internal/process/task_queues:105:5)
    at async exports.deleteById (C:\Users\KITTIPHAT NOIKATE\Documents\GitHub\Vanz\server\src\models\orders.model.js:147:5)
    at async exports.remove (C:\Users\KITTIPHAT NOIKATE\Documents\GitHub\Vanz\server\src\services\orders.service.js:36:3)
    at async exports.remove (C:\Users\KITTIPHAT NOIKATE\Documents\GitHub\Vanz\server\src\controllers\orders.controller.js:25:25)
[2026-05-30T09:52:14.587Z] [ERROR] update or delete on table "delivery" violates foreign key constraint "Expense_Voucher_delivery_id_fkey" on table "expense_voucher" error: update or delete on table "delivery" violates foreign key constraint "Expense_Voucher_delivery_id_fkey" on table "expense_voucher"
    at C:\Users\KITTIPHAT NOIKATE\Documents\GitHub\Vanz\server\node_modules\pg\lib\client.js:646:17
    at process.processTicksAndRejections (node:internal/process/task_queues:105:5)
    at async exports.deleteById (C:\Users\KITTIPHAT NOIKATE\Documents\GitHub\Vanz\server\src\models\orders.model.js:147:5)
    at async exports.remove (C:\Users\KITTIPHAT NOIKATE\Documents\GitHub\Vanz\server\src\services\orders.service.js:36:3)
    at async exports.remove (C:\Users\KITTIPHAT NOIKATE\Documents\GitHub\Vanz\server\src\controllers\orders.controller.js:25:25)
[2026-05-30T09:52:40.502Z] [ERROR] update or delete on table "delivery" violates foreign key constraint "Expense_Voucher_delivery_id_fkey" on table "expense_voucher" error: update or delete on table "delivery" violates foreign key constraint "Expense_Voucher_delivery_id_fkey" on table "expense_voucher"
    at C:\Users\KITTIPHAT NOIKATE\Documents\GitHub\Vanz\server\node_modules\pg\lib\client.js:646:17
    at process.processTicksAndRejections (node:internal/process/task_queues:105:5)
    at async exports.deleteById (C:\Users\KITTIPHAT NOIKATE\Documents\GitHub\Vanz\server\src\models\orders.model.js:147:5)
    at async exports.remove (C:\Users\KITTIPHAT NOIKATE\Documents\GitHub\Vanz\server\src\services\orders.service.js:36:3)
    at async exports.remove (C:\Users\KITTIPHAT NOIKATE\Documents\GitHub\Vanz\server\src\controllers\orders.controller.js:25:25)
[2026-05-30T10:16:22.479Z] [ERROR] update or delete on table "delivery" violates foreign key constraint "Expense_Voucher_delivery_id_fkey" on table "expense_voucher" error: update or delete on table "delivery" violates foreign key constraint "Expense_Voucher_delivery_id_fkey" on table "expense_voucher"
    at C:\Users\KITTIPHAT NOIKATE\Documents\GitHub\Vanz\server\node_modules\pg\lib\client.js:646:17
    at process.processTicksAndRejections (node:internal/process/task_queues:105:5)
    at async exports.deleteById (C:\Users\KITTIPHAT NOIKATE\Documents\GitHub\Vanz\server\src\models\orders.model.js:147:5)
    at async exports.remove (C:\Users\KITTIPHAT NOIKATE\Documents\GitHub\Vanz\server\src\services\orders.service.js:45:3)
    at async exports.remove (C:\Users\KITTIPHAT NOIKATE\Documents\GitHub\Vanz\server\src\controllers\orders.controller.js:25:25)
[2026-05-30T10:16:35.925Z] [ERROR] update or delete on table "delivery" violates foreign key constraint "Expense_Voucher_delivery_id_fkey" on table "expense_voucher" error: update or delete on table "delivery" violates foreign key constraint "Expense_Voucher_delivery_id_fkey" on table "expense_voucher"
    at C:\Users\KITTIPHAT NOIKATE\Documents\GitHub\Vanz\server\node_modules\pg\lib\client.js:646:17
    at process.processTicksAndRejections (node:internal/process/task_queues:105:5)
    at async exports.deleteById (C:\Users\KITTIPHAT NOIKATE\Documents\GitHub\Vanz\server\src\models\orders.model.js:147:5)
    at async exports.remove (C:\Users\KITTIPHAT NOIKATE\Documents\GitHub\Vanz\server\src\services\orders.service.js:45:3)
    at async exports.remove (C:\Users\KITTIPHAT NOIKATE\Documents\GitHub\Vanz\server\src\controllers\orders.controller.js:25:25)
[2026-05-30T10:25:50.988Z] [ERROR] column "voucher_id" does not exist error: column "voucher_id" does not exist
    at C:\Users\KITTIPHAT NOIKATE\Documents\GitHub\Vanz\server\node_modules\pg\lib\client.js:646:17
    at process.processTicksAndRejections (node:internal/process/task_queues:105:5)
    at async exports.deleteById (C:\Users\KITTIPHAT NOIKATE\Documents\GitHub\Vanz\server\src\models\orders.model.js:154:9)
    at async exports.remove (C:\Users\KITTIPHAT NOIKATE\Documents\GitHub\Vanz\server\src\services\orders.service.js:45:3)
    at async exports.remove (C:\Users\KITTIPHAT NOIKATE\Documents\GitHub\Vanz\server\src\controllers\orders.controller.js:25:25)
[2026-05-30T10:25:55.041Z] [ERROR] column "voucher_id" does not exist error: column "voucher_id" does not exist
    at C:\Users\KITTIPHAT NOIKATE\Documents\GitHub\Vanz\server\node_modules\pg\lib\client.js:646:17
    at process.processTicksAndRejections (node:internal/process/task_queues:105:5)
    at async exports.deleteById (C:\Users\KITTIPHAT NOIKATE\Documents\GitHub\Vanz\server\src\models\orders.model.js:154:9)
    at async exports.remove (C:\Users\KITTIPHAT NOIKATE\Documents\GitHub\Vanz\server\src\services\orders.service.js:45:3)
    at async exports.remove (C:\Users\KITTIPHAT NOIKATE\Documents\GitHub\Vanz\server\src\controllers\orders.controller.js:25:25)
[2026-05-30T16:20:06.351Z] [ERROR] update or delete on table "deliverer" violates foreign key constraint "DeliveryPerson_Location_Log_deliverer_id_fkey" on table "deliverer_location_log" error: update or delete on table "deliverer" violates foreign key constraint "DeliveryPerson_Location_Log_deliverer_id_fkey" on table "deliverer_location_log"
    at C:\Users\KITTIPHAT NOIKATE\Documents\GitHub\Vanz\server\node_modules\pg-pool\index.js:45:11
    at process.processTicksAndRejections (node:internal/process/task_queues:105:5)
    at async exports.remove (C:\Users\KITTIPHAT NOIKATE\Documents\GitHub\Vanz\server\src\services\deliverers.service.js:36:3)
    at async exports.remove (C:\Users\KITTIPHAT NOIKATE\Documents\GitHub\Vanz\server\src\controllers\deliverers.controller.js:25:25)
[2026-05-30T16:20:10.314Z] [ERROR] update or delete on table "deliverer" violates foreign key constraint "DeliveryPerson_Location_Log_deliverer_id_fkey" on table "deliverer_location_log" error: update or delete on table "deliverer" violates foreign key constraint "DeliveryPerson_Location_Log_deliverer_id_fkey" on table "deliverer_location_log"
    at C:\Users\KITTIPHAT NOIKATE\Documents\GitHub\Vanz\server\node_modules\pg-pool\index.js:45:11
    at process.processTicksAndRejections (node:internal/process/task_queues:105:5)
    at async exports.remove (C:\Users\KITTIPHAT NOIKATE\Documents\GitHub\Vanz\server\src\services\deliverers.service.js:36:3)
    at async exports.remove (C:\Users\KITTIPHAT NOIKATE\Documents\GitHub\Vanz\server\src\controllers\deliverers.controller.js:25:25)
